<?xml version="1.0" encoding="UTF-8"?>
<!-- Generated by org.testng.reporters.JUnitReportReporter -->
<testsuite hostname="DESKTOP-JCJLIDT" failures="0" tests="1" name="script.ValidLogin" time="32.369" errors="0" timestamp="26 Jul 2022 04:28:25 GMT" skipped="0">
  <testcase classname="script.ValidLogin" name="testValidLogin" time="32.369"/>
</testsuite> <!-- script.ValidLogin -->
