<?xml version="1.0" encoding="UTF-8"?>
<!-- Generated by org.testng.reporters.JUnitReportReporter -->
<testsuite hostname="DESKTOP-JCJLIDT" failures="0" tests="1" name="script.TestClass1" time="23.636" errors="0" timestamp="25 Jul 2022 03:00:45 GMT" skipped="0">
  <testcase classname="script.TestClass1" name="testA" time="23.636"/>
</testsuite> <!-- script.TestClass1 -->
