<?xml version="1.0" encoding="UTF-8"?>
<!-- Generated by org.testng.reporters.JUnitReportReporter -->
<testsuite hostname="DESKTOP-JCJLIDT" failures="0" tests="1" name="script.InvalidLogin" time="39.346" errors="0" timestamp="27 Jul 2022 02:28:48 GMT" skipped="0">
  <testcase classname="script.InvalidLogin" name="testInvalidLogin" time="39.346"/>
</testsuite> <!-- script.InvalidLogin -->
